info it worked if it ends with ok
verbose cli [ 'node', '/usr/bin/npm', 'install', 'eclipse' ]
info using npm@1.0.17
info using node@v0.4.11
verbose config file /Users/labadmin/.npmrc
verbose config file /usr/etc/npmrc
silly testEngine { name: 'express',
silly testEngine   description: 'Sinatra inspired web development framework',
silly testEngine   version: '2.5.1',
silly testEngine   author: 
silly testEngine    { name: 'TJ Holowaychuk',
silly testEngine      email: 'tj@vision-media.ca' },
silly testEngine   contributors: 
silly testEngine    [ { name: 'TJ Holowaychuk',
silly testEngine        email: 'tj@vision-media.ca' },
silly testEngine      { name: 'Aaron Heckmann',
silly testEngine        email: 'aaron.heckmann+github@gmail.com' },
silly testEngine      { name: 'Ciaran Jessup', email: 'ciaranj@gmail.com' },
silly testEngine      { name: 'Guillermo Rauch', email: 'rauchg@gmail.com' } ],
silly testEngine   dependencies: 
silly testEngine    { connect: '1.8.x',
silly testEngine      mime: '>= 0.0.1',
silly testEngine      qs: '>= 0.3.1',
silly testEngine      mkdirp: '0.0.7' },
silly testEngine   devDependencies: 
silly testEngine    { 'connect-form': '0.2.1',
silly testEngine      ejs: '0.4.2',
silly testEngine      expresso: '0.9.2',
silly testEngine      hamljs: '0.5.1',
silly testEngine      jade: '0.16.2',
silly testEngine      stylus: '0.13.0',
silly testEngine      should: '0.3.2',
silly testEngine      'express-messages': '0.0.2',
silly testEngine      'node-markdown': '>= 0.0.1',
silly testEngine      'connect-redis': '>= 0.0.1' },
silly testEngine   keywords: [ 'framework', 'sinatra', 'web', 'rest', 'restful' ],
silly testEngine   repository: 
silly testEngine    { type: 'git',
silly testEngine      url: 'git://github.com/visionmedia/express.git' },
silly testEngine   main: 'index',
silly testEngine   bin: { express: './bin/express' },
silly testEngine   scripts: { test: 'make test', prepublish: 'npm prune' },
silly testEngine   engines: { node: '>= 0.4.1 < 0.7.0' },
silly testEngine   _npmJsonOpts: 
silly testEngine    { file: '/Users/labadmin/ktah/node_modules/express/package.json',
silly testEngine      wscript: false,
silly testEngine      contributors: false,
silly testEngine      serverjs: false },
silly testEngine   _id: 'express@2.5.1',
silly testEngine   _engineSupported: true,
silly testEngine   _npmVersion: '1.0.17',
silly testEngine   _nodeVersion: 'v0.4.11',
silly testEngine   _defaultsLoaded: true }
verbose caching /Users/labadmin/ktah/node_modules/express/package.json
verbose loadDefaults express@2.5.1
silly testEngine { name: 'mysql',
silly testEngine   version: '0.9.4',
silly testEngine   author: 
silly testEngine    { name: 'Felix Geisendörfer',
silly testEngine      email: 'felix@debuggable.com',
silly testEngine      url: 'http://debuggable.com/' },
silly testEngine   description: 'A pure node.js JavaScript Client implementing the MySQL protocol.',
silly testEngine   homepage: 'https://github.com/felixge/node-mysql',
silly testEngine   repository: 
silly testEngine    { type: 'git',
silly testEngine      url: 'git://github.com/felixge/node-mysql.git' },
silly testEngine   main: './index',
silly testEngine   scripts: { test: 'make test' },
silly testEngine   dependencies: { hashish: '0.0.4' },
silly testEngine   devDependencies: 
silly testEngine    { gently: '0.8.0',
silly testEngine      far: '0.0.6',
silly testEngine      'fast-or-slow': '0.0.5' },
silly testEngine   engines: { node: '*' },
silly testEngine   _npmJsonOpts: 
silly testEngine    { file: '/Users/labadmin/ktah/node_modules/mysql/package.json',
silly testEngine      wscript: false,
silly testEngine      contributors: false,
silly testEngine      serverjs: false },
silly testEngine   _id: 'mysql@0.9.4',
silly testEngine   _engineSupported: true,
silly testEngine   _npmVersion: '1.0.17',
silly testEngine   _nodeVersion: 'v0.4.11',
silly testEngine   _defaultsLoaded: true }
verbose caching /Users/labadmin/ktah/node_modules/mysql/package.json
verbose loadDefaults mysql@0.9.4
silly testEngine { author: 
silly testEngine    { name: 'James Brumond',
silly testEngine      email: 'kbjr14@gmail.com',
silly testEngine      url: 'http://jbrumond.me' },
silly testEngine   name: 'sechash',
silly testEngine   description: 'Secure password hashing with salt and key stretching',
silly testEngine   version: '0.1.2',
silly testEngine   repository: 
silly testEngine    { type: 'git',
silly testEngine      url: 'git://github.com/kbjr/node-sechash.git' },
silly testEngine   main: 'lib/sechash.js',
silly testEngine   engines: { node: '*' },
silly testEngine   dependencies: {},
silly testEngine   devDependencies: {},
silly testEngine   _npmJsonOpts: 
silly testEngine    { file: '/Users/labadmin/ktah/node_modules/sechash/package.json',
silly testEngine      wscript: false,
silly testEngine      contributors: false,
silly testEngine      serverjs: false },
silly testEngine   _id: 'sechash@0.1.2',
silly testEngine   _engineSupported: true,
silly testEngine   _npmVersion: '1.0.17',
silly testEngine   _nodeVersion: 'v0.4.11',
silly testEngine   _defaultsLoaded: true }
verbose caching /Users/labadmin/ktah/node_modules/sechash/package.json
verbose loadDefaults sechash@0.1.2
silly testEngine { name: 'validator',
silly testEngine   description: 'Data validation, filtering and sanitization for node.js',
silly testEngine   version: '0.3.5',
silly testEngine   homepage: 'http://github.com/chriso/node-validator',
silly testEngine   keywords: 
silly testEngine    [ 'validator',
silly testEngine      'validation',
silly testEngine      'assert',
silly testEngine      'params',
silly testEngine      'sanitization',
silly testEngine      'xss',
silly testEngine      'entities',
silly testEngine      'sanitize',
silly testEngine      'sanitisation',
silly testEngine      'input' ],
silly testEngine   author: { name: 'Chris O\'Hara', email: 'cohara87@gmail.com' },
silly testEngine   main: './lib',
silly testEngine   directories: { lib: './lib' },
silly testEngine   bugs: { url: 'http://github.com/chriso/node-validator/issues' },
silly testEngine   repository: 
silly testEngine    { type: 'git',
silly testEngine      url: 'git://github.com/chriso/node-validator.git' },
silly testEngine   contributors: 
silly testEngine    [ { name: 'PING' },
silly testEngine      { name: 'Dan VerWeire' },
silly testEngine      { name: 'Branko Vukelic' } ],
silly testEngine   engines: { node: '>=0.2.2' },
silly testEngine   licenses: 
silly testEngine    [ { type: 'MIT',
silly testEngine        url: 'http://github.com/chriso/node-validator/raw/master/LICENSE' } ],
silly testEngine   _npmJsonOpts: 
silly testEngine    { file: '/Users/labadmin/ktah/node_modules/validator/package.json',
silly testEngine      wscript: false,
silly testEngine      contributors: false,
silly testEngine      serverjs: false },
silly testEngine   _id: 'validator@0.3.5',
silly testEngine   dependencies: {},
silly testEngine   devDependencies: {},
silly testEngine   _engineSupported: true,
silly testEngine   _npmVersion: '1.0.17',
silly testEngine   _nodeVersion: 'v0.4.11',
silly testEngine   _defaultsLoaded: true }
verbose caching /Users/labadmin/ktah/node_modules/validator/package.json
verbose loadDefaults validator@0.3.5
silly testEngine { name: 'jade',
silly testEngine   description: 'Jade template engine',
silly testEngine   version: '0.18.0',
silly testEngine   author: 
silly testEngine    { name: 'TJ Holowaychuk',
silly testEngine      email: 'tj@vision-media.ca' },
silly testEngine   repository: 
silly testEngine    { type: 'git',
silly testEngine      url: 'git://github.com/visionmedia/jade.git' },
silly testEngine   main: './index.js',
silly testEngine   bin: { jade: './bin/jade' },
silly testEngine   dependencies: { commander: '0.2.x', mkdirp: '>= 0.0.7' },
silly testEngine   devDependencies: 
silly testEngine    { expresso: '0.9.2',
silly testEngine      'coffee-script': '>= 0.0.1',
silly testEngine      sass: '>= 0.0.1',
silly testEngine      less: '>= 0.0.1',
silly testEngine      markdown: '>= 0.0.1',
silly testEngine      stylus: '>= 0.0.1',
silly testEngine      uubench: '0.0.1',
silly testEngine      'uglify-js': '>= 1.0.7' },
silly testEngine   scripts: { prepublish: 'npm prune' },
silly testEngine   engines: { node: '>= 0.1.98' },
silly testEngine   _npmJsonOpts: 
silly testEngine    { file: '/Users/labadmin/ktah/node_modules/jade/package.json',
silly testEngine      wscript: false,
silly testEngine      contributors: false,
silly testEngine      serverjs: false },
silly testEngine   _id: 'jade@0.18.0',
silly testEngine   _engineSupported: true,
silly testEngine   _npmVersion: '1.0.17',
silly testEngine   _nodeVersion: 'v0.4.11',
silly testEngine   _defaultsLoaded: true }
verbose caching /Users/labadmin/ktah/node_modules/jade/package.json
verbose loadDefaults jade@0.18.0
verbose into /Users/labadmin/ktah [ 'eclipse' ]
verbose cache add [ 'eclipse', null ]
info addNamed [ 'eclipse', '' ]
verbose addNamed [ null, '' ]
verbose GET eclipse
verbose raw, before any munging eclipse
verbose url resolving [ 'http://registry.npmjs.org/', './eclipse' ]
verbose url resolved http://registry.npmjs.org/eclipse
verbose url parsed { protocol: 'http:',
verbose url parsed   slashes: true,
verbose url parsed   host: 'registry.npmjs.org',
verbose url parsed   hostname: 'registry.npmjs.org',
verbose url parsed   href: 'http://registry.npmjs.org/eclipse',
verbose url parsed   pathname: '/eclipse' }
verbose response http://registry.npmjs.org/eclipse
silly chunk {"error":"not_found","reason":"document not found"}
silly chunk 
silly get cb [ 404,
silly get cb   { server: 'CouchDB/1.1.0 (Erlang OTP/R14B04)',
silly get cb     date: 'Tue, 22 Nov 2011 07:31:37 GMT',
silly get cb     'content-type': 'application/json',
silly get cb     'content-length': '52',
silly get cb     'cache-control': 'must-revalidate' } ]
ERR! 404 'eclipse' is not in the npm registry.
ERR! 404 You should bug the author to publish it.
ERR! 404 Note that you can also install from a tarball or folder.
ERR! 
ERR! System Darwin 10.8.0
ERR! command "node" "/usr/bin/npm" "install" "eclipse"
ERR! cwd /Users/labadmin/ktah
ERR! node -v v0.4.11
ERR! npm -v 1.0.17
verbose exit [ 1, true ]
